Line 29: Class TabDlg.SSTab of control SSTab1 was not a loaded control class.
Line 65: Class VSFlex6DAOCtl.vsFlexGrid of control Grid was not a loaded control class.
Line 36: The property name _ExtentX in SSTab1 is invalid.
Line 37: The property name _ExtentY in SSTab1 is invalid.
Line 38: The property name _Version in SSTab1 is invalid.
Line 39: The property name Tabs in SSTab1 is invalid.
Line 40: The property name TabsPerRow in SSTab1 is invalid.
Line 41: The property name TabHeight in SSTab1 is invalid.
Line 42: The property name TabCaption(0) in SSTab1 is invalid.
Line 43: The property name TabPicture(0) in SSTab1 is invalid.
Line 44: The property name Tab(0).ControlEnabled in SSTab1 is invalid.
Line 45: The property name Tab(0).Control(0) in SSTab1 is invalid.
Line 46: The property name Tab(0).Control(0).Enabled in SSTab1 is invalid.
Line 47: The property name Tab(0).ControlCount in SSTab1 is invalid.
Line 71: The property name _ExtentX in Grid is invalid.
Line 72: The property name _ExtentY in Grid is invalid.
Line 73: The property name _ConvInfo in Grid is invalid.
Line 89: The property name BackColorFixed in Grid is invalid.
Line 90: The property name ForeColorFixed in Grid is invalid.
Line 91: The property name BackColorSel in Grid is invalid.
Line 92: The property name ForeColorSel in Grid is invalid.
Line 93: The property name BackColorBkg in Grid is invalid.
Line 94: The property name BackColorAlternate in Grid is invalid.
Line 95: The property name GridColor in Grid is invalid.
Line 96: The property name GridColorFixed in Grid is invalid.
Line 97: The property name TreeColor in Grid is invalid.
Line 98: The property name FloodColor in Grid is invalid.
Line 99: The property name SheetBorder in Grid is invalid.
Line 100: The property name FocusRect in Grid is invalid.
Line 101: The property name HighLight in Grid is invalid.
Line 102: The property name AllowSelection in Grid is invalid.
Line 103: The property name AllowBigSelection in Grid is invalid.
Line 104: The property name AllowUserResizing in Grid is invalid.
Line 105: The property name SelectionMode in Grid is invalid.
Line 106: The property name GridLines in Grid is invalid.
Line 107: The property name GridLinesFixed in Grid is invalid.
Line 108: The property name GridLineWidth in Grid is invalid.
Line 109: The property name Rows in Grid is invalid.
Line 110: The property name Cols in Grid is invalid.
Line 111: The property name FixedRows in Grid is invalid.
Line 112: The property name FixedCols in Grid is invalid.
Line 113: The property name RowHeightMin in Grid is invalid.
Line 114: The property name RowHeightMax in Grid is invalid.
Line 115: The property name ColWidthMin in Grid is invalid.
Line 116: The property name ColWidthMax in Grid is invalid.
Line 117: The property name ExtendLastCol in Grid is invalid.
Line 118: The property name FormatString in Grid is invalid.
Line 119: The property name ScrollTrack in Grid is invalid.
Line 120: The property name ScrollBars in Grid is invalid.
Line 121: The property name ScrollTips in Grid is invalid.
Line 122: The property name MergeCells in Grid is invalid.
Line 123: The property name MergeCompare in Grid is invalid.
Line 124: The property name AutoResize in Grid is invalid.
Line 125: The property name AutoSizeMode in Grid is invalid.
Line 126: The property name AutoSearch in Grid is invalid.
Line 127: The property name MultiTotals in Grid is invalid.
Line 128: The property name SubtotalPosition in Grid is invalid.
Line 129: The property name OutlineBar in Grid is invalid.
Line 130: The property name OutlineCol in Grid is invalid.
Line 131: The property name Ellipsis in Grid is invalid.
Line 132: The property name ExplorerBar in Grid is invalid.
Line 133: The property name PicturesOver in Grid is invalid.
Line 136: The property name PictureType in Grid is invalid.
Line 137: The property name TabBehavior in Grid is invalid.
Line 138: The property name OwnerDraw in Grid is invalid.
Line 139: The property name Editable in Grid is invalid.
Line 140: The property name ShowComboButton in Grid is invalid.
Line 141: The property name WordWrap in Grid is invalid.
Line 142: The property name TextStyle in Grid is invalid.
Line 143: The property name TextStyleFixed in Grid is invalid.
Line 146: The property name DataMode in Grid is invalid.
Line 147: The property name VirtualData in Grid is invalid.
